<?xml version="1.0" encoding="UTF-8"?>
<!-- Generated by org.testng.reporters.JUnitReportReporter -->
<testsuite hostname="DESKTOP-84TE32L" failures="0" tests="2" name="com.class01.OrangeHRMTitleAndLoginValidation" time="15.841" errors="0" timestamp="2020-05-16T16:01:21 CDT" skipped="0">
  <testcase classname="com.class01.OrangeHRMTitleAndLoginValidation" name="titleValidation" time="6.980"/>
  <testcase classname="com.class01.OrangeHRMTitleAndLoginValidation" name="loginValidation" time="8.861"/>
</testsuite> <!-- com.class01.OrangeHRMTitleAndLoginValidation -->
