<?xml version="1.0" encoding="UTF-8"?>
<!-- Generated by org.testng.reporters.JUnitReportReporter -->
<testsuite hostname="DESKTOP-84TE32L" failures="0" tests="3" name="com.class01.TestNGDemo" time="0.015" errors="0" timestamp="2020-05-16T15:24:25 CDT" skipped="0">
  <testcase classname="com.class01.TestNGDemo" name="methodOne" time="0.012"/>
  <testcase classname="com.class01.TestNGDemo" name="methodTwo" time="0.001"/>
  <testcase classname="com.class01.TestNGDemo" name="methodThree" time="0.002"/>
</testsuite> <!-- com.class01.TestNGDemo -->
