<?xml version="1.0" encoding="UTF-8"?>
<!-- Generated by org.testng.reporters.JUnitReportReporter -->
<testsuite hostname="DESKTOP-84TE32L" failures="0" tests="3" name="com.class01.DataProviderDemo" time="30.594" errors="0" timestamp="2020-05-16T15:53:21 CDT" skipped="0">
  <testcase classname="com.class01.DataProviderDemo" name="addMultipleEmployee" time="10.158"/>
  <testcase classname="com.class01.DataProviderDemo" name="addMultipleEmployee" time="9.936"/>
  <testcase classname="com.class01.DataProviderDemo" name="addMultipleEmployee" time="10.500"/>
</testsuite> <!-- com.class01.DataProviderDemo -->
