<?xml version="1.0" encoding="UTF-8"?>
<!-- Generated by org.testng.reporters.JUnitReportReporter -->
<testsuite hostname="DESKTOP-84TE32L" failures="0" tests="2" name="com.class01.Annotations" time="0.007" errors="0" timestamp="2020-05-16T14:49:52 CDT" skipped="0">
  <testcase classname="com.class01.Annotations" name="testTwo" time="0.005"/>
  <testcase classname="com.class01.Annotations" name="testOne" time="0.002"/>
</testsuite> <!-- com.class01.Annotations -->
